\BOOKMARK [0][-]{Doc-Start}{Danksagung}{}% 1
\BOOKMARK [0][-]{chapter*.1}{Inhaltsverzeichnis}{}% 2
\BOOKMARK [0][-]{chapter.1}{Einleitung}{}% 3
\BOOKMARK [1][-]{section.1.1}{Deep Learning}{chapter.1}% 4
\BOOKMARK [1][-]{section.1.2}{Ziel der Arbeit}{chapter.1}% 5
\BOOKMARK [1][-]{section.1.3}{Kapitel\374bersicht}{chapter.1}% 6
\BOOKMARK [0][-]{chapter.2}{Grundlagen Neuronaler Feedforward Netze}{}% 7
\BOOKMARK [1][-]{section.2.1}{Perzeptron und Multilayer Perceptron}{chapter.2}% 8
\BOOKMARK [1][-]{section.2.2}{Aktivierungsfunktionen}{chapter.2}% 9
\BOOKMARK [1][-]{section.2.3}{Fehlerma\337e}{chapter.2}% 10
\BOOKMARK [2][-]{subsection.2.3.1}{Mittlerer Quadratischer Fehler}{section.2.3}% 11
\BOOKMARK [2][-]{subsection.2.3.2}{Cross-Entropy}{section.2.3}% 12
\BOOKMARK [1][-]{section.2.4}{Backpropagation-Algorithmus}{chapter.2}% 13
\BOOKMARK [1][-]{section.2.5}{Basisarchitekturen}{chapter.2}% 14
\BOOKMARK [2][-]{subsection.2.5.1}{Softmax-Regression \(Klassifikation\)}{section.2.5}% 15
\BOOKMARK [2][-]{subsection.2.5.2}{Funktionsapproximation \(Regression\)}{section.2.5}% 16
\BOOKMARK [1][-]{section.2.6}{Convolutional Neural Networks}{chapter.2}% 17
\BOOKMARK [2][-]{subsection.2.6.1}{Modellbeschreibung}{section.2.6}% 18
\BOOKMARK [2][-]{subsection.2.6.2}{Training mit Backpropagation}{section.2.6}% 19
\BOOKMARK [0][-]{chapter.3}{Spezielle Methoden im Deep Learning}{}% 20
\BOOKMARK [1][-]{section.3.1}{Vorverarbeitung}{chapter.3}% 21
\BOOKMARK [2][-]{subsection.3.1.1}{Kontrastnormalisierung}{section.3.1}% 22
\BOOKMARK [2][-]{subsection.3.1.2}{ZCA-Whitening}{section.3.1}% 23
\BOOKMARK [1][-]{section.3.2}{Initialisierung}{chapter.3}% 24
\BOOKMARK [2][-]{subsection.3.2.1}{Normalisierte Fehlerpropagierung}{section.3.2}% 25
\BOOKMARK [2][-]{subsection.3.2.2}{Un\374berwachtes Vortraining}{section.3.2}% 26
\BOOKMARK [1][-]{section.3.3}{Gradientenabstieg}{chapter.3}% 27
\BOOKMARK [2][-]{subsection.3.3.1}{Momentum}{section.3.3}% 28
\BOOKMARK [2][-]{subsection.3.3.2}{Adaptive Lernrate}{section.3.3}% 29
\BOOKMARK [2][-]{subsection.3.3.3}{Hessian Free Optimazation \(HF\)}{section.3.3}% 30
\BOOKMARK [1][-]{section.3.4}{Regularisierung und Generalisierung}{chapter.3}% 31
\BOOKMARK [2][-]{subsection.3.4.1}{A-priori Annahmen}{section.3.4}% 32
\BOOKMARK [2][-]{subsection.3.4.2}{Modellkapazit\344t}{section.3.4}% 33
\BOOKMARK [2][-]{subsection.3.4.3}{Erweitern der Trainingsdaten}{section.3.4}% 34
\BOOKMARK [1][-]{section.3.5}{Visualisierungsmethoden}{chapter.3}% 35
\BOOKMARK [2][-]{subsection.3.5.1}{Primitiv}{section.3.5}% 36
\BOOKMARK [2][-]{subsection.3.5.2}{Gradientenbasiert}{section.3.5}% 37
\BOOKMARK [2][-]{subsection.3.5.3}{Nachverarbeitung}{section.3.5}% 38
\BOOKMARK [0][-]{chapter.4}{Implementierung des Prototyps}{}% 39
\BOOKMARK [1][-]{section.4.1}{Architektur}{chapter.4}% 40
\BOOKMARK [2][-]{subsection.4.1.1}{C++ ConvNet}{section.4.1}% 41
\BOOKMARK [2][-]{subsection.4.1.2}{Python Module Extension}{section.4.1}% 42
\BOOKMARK [1][-]{section.4.2}{Implementierungsdetails}{chapter.4}% 43
\BOOKMARK [2][-]{subsection.4.2.1}{Vereinfachungen}{section.4.2}% 44
\BOOKMARK [2][-]{subsection.4.2.2}{Vektorisierung}{section.4.2}% 45
\BOOKMARK [2][-]{subsection.4.2.3}{Parallelisierung}{section.4.2}% 46
\BOOKMARK [2][-]{subsection.4.2.4}{Debugging}{section.4.2}% 47
\BOOKMARK [0][-]{chapter.5}{Experimente}{}% 48
\BOOKMARK [1][-]{section.5.1}{Modelselektion}{chapter.5}% 49
\BOOKMARK [2][-]{subsection.5.1.1}{Modelarchitektur}{section.5.1}% 50
\BOOKMARK [2][-]{subsection.5.1.2}{Vorverarbeitung}{section.5.1}% 51
\BOOKMARK [1][-]{section.5.2}{Trainingsmethode}{chapter.5}% 52
\BOOKMARK [2][-]{subsection.5.2.1}{Vortraining}{section.5.2}% 53
\BOOKMARK [2][-]{subsection.5.2.2}{Initialisierung}{section.5.2}% 54
\BOOKMARK [2][-]{subsection.5.2.3}{Gradientenabstieg}{section.5.2}% 55
\BOOKMARK [2][-]{subsection.5.2.4}{Regularisierung}{section.5.2}% 56
\BOOKMARK [1][-]{section.5.3}{Visualisierung}{chapter.5}% 57
\BOOKMARK [2][-]{subsection.5.3.1}{Neuronen-Visualisierung}{section.5.3}% 58
\BOOKMARK [2][-]{subsection.5.3.2}{t-SNE-Methode}{section.5.3}% 59
\BOOKMARK [2][-]{subsection.5.3.3}{Autoencoder-Visualisierung}{section.5.3}% 60
\BOOKMARK [0][-]{chapter.6}{Zusammenfassung}{}% 61
\BOOKMARK [1][-]{section.6.1}{Ergebnisse}{chapter.6}% 62
\BOOKMARK [1][-]{section.6.2}{Ausblick}{chapter.6}% 63
\BOOKMARK [0][-]{section.6.2}{Literaturverzeichnis}{}% 64
